<?xml version="1.0" encoding="UTF-8"?>
<!-- Generated by org.testng.reporters.JUnitReportReporter -->
<testsuite hostname="Dinesh" failures="0" tests="2" name="testCases.TC_003_T1" time="18.741" errors="0" timestamp="2024-04-01T12:48:59 IST" skipped="0">
  <testcase classname="testCases.TC_003_T1" name="setup" time="7.480"/>
  <testcase classname="testCases.TC_003_T1" name="register" time="11.261"/>
</testsuite> <!-- testCases.TC_003_T1 -->
