<?xml version="1.0" encoding="UTF-8"?>
<!-- Generated by org.testng.reporters.JUnitReportReporter -->
<testsuite hostname="Dinesh" failures="0" tests="2" name="testCases.TC_003_T4" time="49.911" errors="0" timestamp="2024-04-12T13:02:58 IST" skipped="0">
  <testcase classname="testCases.TC_003_T4" name="setup" time="10.589"/>
  <testcase classname="testCases.TC_003_T4" name="register" time="39.322"/>
</testsuite> <!-- testCases.TC_003_T4 -->
