<?xml version="1.0" encoding="UTF-8"?>
<!-- Generated by org.testng.reporters.JUnitReportReporter -->
<testsuite hostname="Dinesh" failures="0" tests="2" name="testCases.TC_003_T2" time="67.336" errors="0" timestamp="2024-04-04T15:58:07 IST" skipped="0">
  <testcase classname="testCases.TC_003_T2" name="register" time="57.455"/>
  <testcase classname="testCases.TC_003_T2" name="setup" time="9.881"/>
</testsuite> <!-- testCases.TC_003_T2 -->
