<?xml version="1.0" encoding="UTF-8"?>
<!-- Generated by org.testng.reporters.JUnitReportReporter -->
<testsuite hostname="Dinesh" failures="0" tests="1" name="testCases.TC_002_Login" time="2.291" errors="0" timestamp="2024-03-08T10:47:30 IST" skipped="0">
  <testcase classname="testCases.TC_002_Login" name="LoginAccount" time="2.291"/>
</testsuite> <!-- testCases.TC_002_Login -->
