<?xml version="1.0" encoding="UTF-8"?>
<!-- Generated by org.testng.reporters.JUnitReportReporter -->
<testsuite hostname="Dinesh" failures="0" tests="2" name="testCases.TC_003_T5" time="24.622" errors="0" timestamp="2024-04-23T11:16:13 IST" skipped="0">
  <testcase classname="testCases.TC_003_T5" name="setup" time="11.153"/>
  <testcase classname="testCases.TC_003_T5" name="register" time="13.469"/>
</testsuite> <!-- testCases.TC_003_T5 -->
