<?xml version="1.0" encoding="UTF-8"?>
<!-- Generated by org.testng.reporters.JUnitReportReporter -->
<testsuite hostname="Dinesh" failures="0" tests="2" name="testCases.TC_003_T3" time="31.561" errors="0" timestamp="2024-04-01T14:47:50 IST" skipped="0">
  <testcase classname="testCases.TC_003_T3" name="setup" time="11.518"/>
  <testcase classname="testCases.TC_003_T3" name="register" time="20.043"/>
</testsuite> <!-- testCases.TC_003_T3 -->
