<?xml version="1.0" encoding="UTF-8"?>
<!-- Generated by org.testng.reporters.JUnitReportReporter -->
<testsuite hostname="Dinesh" failures="0" tests="1" name="testCases.TC_001_New_registration" time="20.719" errors="0" timestamp="2024-03-06T12:03:22 IST" skipped="0">
  <testcase classname="testCases.TC_001_New_registration" name="registrationAccout" time="20.719"/>
</testsuite> <!-- testCases.TC_001_New_registration -->
